#
# There is insufficient memory for the Java Runtime Environment to continue.
# Native memory allocation (malloc) failed to allocate 1124976 bytes. Error detail: Chunk::new
# Possible reasons:
#   The system is out of physical RAM or swap space
#   This process is running with CompressedOops enabled, and the Java Heap may be blocking the growth of the native heap
# Possible solutions:
#   Reduce memory load on the system
#   Increase physical memory or swap space
#   Check if swap backing store is full
#   Decrease Java heap size (-Xmx/-Xms)
#   Decrease number of Java threads
#   Decrease Java thread stack sizes (-Xss)
#   Set larger code cache with -XX:ReservedCodeCacheSize=
#   JVM is running with Unscaled Compressed Oops mode in which the Java heap is
#     placed in the first 4GB address space. The Java Heap base address is the
#     maximum limit for the native heap growth. Please use -XX:HeapBaseMinAddress
#     to set the Java Heap base and to place the Java Heap above 4GB virtual address.
# This output file may be truncated or incomplete.
#
#  Out of Memory Error (arena.cpp:168), pid=10332, tid=2236
#
# JRE version: OpenJDK Runtime Environment Temurin-21.0.10+7 (21.0.10+7) (build 21.0.10+7-LTS)
# Java VM: OpenJDK 64-Bit Server VM Temurin-21.0.10+7 (21.0.10+7-LTS, mixed mode, sharing, tiered, compressed oops, compressed class ptrs, parallel gc, windows-amd64)
# No core dump will be written. Minidumps are not enabled by default on client versions of Windows
#

---------------  S U M M A R Y ------------

Command Line: --add-modules=ALL-SYSTEM --add-opens=java.base/java.util=ALL-UNNAMED --add-opens=java.base/java.lang=ALL-UNNAMED --add-opens=java.base/sun.nio.fs=ALL-UNNAMED -Declipse.application=org.eclipse.jdt.ls.core.id1 -Dosgi.bundles.defaultStartLevel=4 -Declipse.product=org.eclipse.jdt.ls.core.product -Djava.import.generatesMetadataFilesAtProjectRoot=false -DDetectVMInstallationsJob.disabled=true -Dfile.encoding=utf8 -XX:+UseParallelGC -XX:GCTimeRatio=4 -XX:AdaptiveSizePolicyWeight=90 -Dsun.zip.disableMemoryMapping=true -Xmx2G -Xms100m -Xlog:disable -javaagent:c:\Users\biend\.vscode\extensions\redhat.java-1.54.0-win32-x64\lombok\lombok-1.18.39-4050.jar -XX:+HeapDumpOnOutOfMemoryError -XX:HeapDumpPath=c:\Users\biend\AppData\Roaming\Code\User\workspaceStorage\fba05c3705401430334b8315f2268d03\redhat.java -Daether.dependencyCollector.impl=bf c:\Users\biend\.vscode\extensions\redhat.java-1.54.0-win32-x64\server\plugins\org.eclipse.equinox.launcher_1.7.100.v20251111-0406.jar -configuration c:\Users\biend\AppData\Roaming\Code\User\globalStorage\redhat.java\1.54.0\config_win -data c:\Users\biend\AppData\Roaming\Code\User\workspaceStorage\fba05c3705401430334b8315f2268d03\redhat.java\jdt_ws --pipe=\\.\pipe\lsp-fa8eb0d8fe3f03125d7b1d7b4b3fc624-sock

Host: Intel(R) Core(TM) i5-8350U CPU @ 1.70GHz, 8 cores, 7G,  Windows 11 , 64 bit Build 26100 (10.0.26100.8246)
Time: Fri Apr 24 10:54:52 2026 SE Asia Standard Time elapsed time: 30.887078 seconds (0d 0h 0m 30s)

---------------  T H R E A D  ---------------

Current thread (0x0000021d7fcdc7f0):  JavaThread "C2 CompilerThread0" daemon [_thread_in_native, id=2236, stack(0x000000bcf3b00000,0x000000bcf3c00000) (1024K)]


Current CompileTask:
C2:30887 4279       4       org.eclipse.osgi.internal.serviceregistry.ServiceRegistry::notifyHooksPrivileged (57 bytes)

Stack: [0x000000bcf3b00000,0x000000bcf3c00000]
Native frames: (J=compiled Java code, j=interpreted, Vv=VM code, C=native code)
V  [jvm.dll+0x6d7a39]
V  [jvm.dll+0x8b4b26]
V  [jvm.dll+0x8b70de]
V  [jvm.dll+0x8b77c3]
V  [jvm.dll+0x284346]
V  [jvm.dll+0xc66ed]
V  [jvm.dll+0xc6c31]
V  [jvm.dll+0x3bec01]
V  [jvm.dll+0x38b162]
V  [jvm.dll+0x38a5aa]
V  [jvm.dll+0x24c560]
V  [jvm.dll+0x24bb40]
V  [jvm.dll+0x1cb34e]
V  [jvm.dll+0x25b85d]
V  [jvm.dll+0x259dea]
V  [jvm.dll+0x3f857e]
V  [jvm.dll+0x85f59d]
V  [jvm.dll+0x6d626d]
C  [ucrtbase.dll+0x37b0]
C  [KERNEL32.DLL+0x2e8d7]
C  [ntdll.dll+0x8c3fc]


---------------  P R O C E S S  ---------------

Threads class SMR info:
_java_thread_list=0x0000021d47a56320, length=24, elements={
0x0000021d6950fa40, 0x0000021d7fccb460, 0x0000021d7fccc380, 0x0000021d7fcd1ae0,
0x0000021d7fcd2540, 0x0000021d7fcd2fa0, 0x0000021d7fcd61d0, 0x0000021d7fcdc7f0,
0x0000021d7fd0ccc0, 0x0000021d42931ce0, 0x0000021d42a83b80, 0x0000021d4768c770,
0x0000021d47662720, 0x0000021d47603fe0, 0x0000021d4284d490, 0x0000021d47661800,
0x0000021d47ec84b0, 0x0000021d47dc8ea0, 0x0000021d473be6d0, 0x0000021d473bf3f0,
0x0000021d473bed60, 0x0000021d47cde6d0, 0x0000021d476e07d0, 0x0000021d47cdd9b0
}

Java Threads: ( => current thread )
  0x0000021d6950fa40 JavaThread "main"                              [_thread_blocked, id=13836, stack(0x000000bcf3100000,0x000000bcf3200000) (1024K)]
  0x0000021d7fccb460 JavaThread "Reference Handler"          daemon [_thread_blocked, id=5240, stack(0x000000bcf3500000,0x000000bcf3600000) (1024K)]
  0x0000021d7fccc380 JavaThread "Finalizer"                  daemon [_thread_blocked, id=2676, stack(0x000000bcf3600000,0x000000bcf3700000) (1024K)]
  0x0000021d7fcd1ae0 JavaThread "Signal Dispatcher"          daemon [_thread_blocked, id=10316, stack(0x000000bcf3700000,0x000000bcf3800000) (1024K)]
  0x0000021d7fcd2540 JavaThread "Attach Listener"            daemon [_thread_blocked, id=7188, stack(0x000000bcf3800000,0x000000bcf3900000) (1024K)]
  0x0000021d7fcd2fa0 JavaThread "Service Thread"             daemon [_thread_blocked, id=2336, stack(0x000000bcf3900000,0x000000bcf3a00000) (1024K)]
  0x0000021d7fcd61d0 JavaThread "Monitor Deflation Thread"   daemon [_thread_blocked, id=21252, stack(0x000000bcf3a00000,0x000000bcf3b00000) (1024K)]
=>0x0000021d7fcdc7f0 JavaThread "C2 CompilerThread0"         daemon [_thread_in_native, id=2236, stack(0x000000bcf3b00000,0x000000bcf3c00000) (1024K)]
  0x0000021d7fd0ccc0 JavaThread "C1 CompilerThread0"         daemon [_thread_blocked, id=3556, stack(0x000000bcf3c00000,0x000000bcf3d00000) (1024K)]
  0x0000021d42931ce0 JavaThread "Common-Cleaner"             daemon [_thread_blocked, id=9480, stack(0x000000bcf3d00000,0x000000bcf3e00000) (1024K)]
  0x0000021d42a83b80 JavaThread "Notification Thread"        daemon [_thread_blocked, id=12560, stack(0x000000bcf3e00000,0x000000bcf3f00000) (1024K)]
  0x0000021d4768c770 JavaThread "Active Thread: Equinox Container: da6f1a9d-4c33-48c7-b2cd-c66ef863188a"        [_thread_blocked, id=23744, stack(0x000000bcf4500000,0x000000bcf4600000) (1024K)]
  0x0000021d47662720 JavaThread "Refresh Thread: Equinox Container: da6f1a9d-4c33-48c7-b2cd-c66ef863188a" daemon [_thread_blocked, id=19244, stack(0x000000bcf4800000,0x000000bcf4900000) (1024K)]
  0x0000021d47603fe0 JavaThread "Framework Event Dispatcher: Equinox Container: da6f1a9d-4c33-48c7-b2cd-c66ef863188a" daemon [_thread_blocked, id=2316, stack(0x000000bcf4700000,0x000000bcf4800000) (1024K)]
  0x0000021d4284d490 JavaThread "Start Level: Equinox Container: da6f1a9d-4c33-48c7-b2cd-c66ef863188a" daemon [_thread_in_vm, id=14064, stack(0x000000bcf4900000,0x000000bcf4a00000) (1024K)]
  0x0000021d47661800 JavaThread "Bundle File Closer"         daemon [_thread_blocked, id=7096, stack(0x000000bcf4a00000,0x000000bcf4b00000) (1024K)]
  0x0000021d47ec84b0 JavaThread "SCR Component Actor"        daemon [_thread_blocked, id=15344, stack(0x000000bcf4b00000,0x000000bcf4c00000) (1024K)]
  0x0000021d47dc8ea0 JavaThread "Worker-JM"                         [_thread_blocked, id=6996, stack(0x000000bcf4d00000,0x000000bcf4e00000) (1024K)]
  0x0000021d473be6d0 JavaThread "JNA Cleaner"                daemon [_thread_blocked, id=23260, stack(0x000000bcf4c00000,0x000000bcf4d00000) (1024K)]
  0x0000021d473bf3f0 JavaThread "Worker-0: Repository registry initialization"        [_thread_in_native, id=19076, stack(0x000000bcf4e00000,0x000000bcf4f00000) (1024K)]
  0x0000021d473bed60 JavaThread "Worker-1"                          [_thread_blocked, id=16536, stack(0x000000bcf4f00000,0x000000bcf5000000) (1024K)]
  0x0000021d47cde6d0 JavaThread "Worker-2"                          [_thread_blocked, id=3148, stack(0x000000bcf5000000,0x000000bcf5100000) (1024K)]
  0x0000021d476e07d0 JavaThread "C2 CompilerThread1"         daemon [_thread_in_native, id=2544, stack(0x000000bcf5100000,0x000000bcf5200000) (1024K)]
  0x0000021d47cdd9b0 JavaThread "Java indexing"              daemon [_thread_blocked, id=22816, stack(0x000000bcf2f00000,0x000000bcf3000000) (1024K)]
Total: 24

Other Threads:
  0x0000021d7fcb28d0 VMThread "VM Thread"                           [id=23804, stack(0x000000bcf3400000,0x000000bcf3500000) (1024K)]
  0x0000021d7fbecb20 WatcherThread "VM Periodic Task Thread"        [id=9408, stack(0x000000bcf3300000,0x000000bcf3400000) (1024K)]
  0x0000021d6952df80 WorkerThread "GC Thread#0"                     [id=8320, stack(0x000000bcf3200000,0x000000bcf3300000) (1024K)]
  0x0000021d4743ea10 WorkerThread "GC Thread#1"                     [id=11680, stack(0x000000bcf3f00000,0x000000bcf4000000) (1024K)]
  0x0000021d4766e030 WorkerThread "GC Thread#2"                     [id=5812, stack(0x000000bcf4000000,0x000000bcf4100000) (1024K)]
  0x0000021d472e90b0 WorkerThread "GC Thread#3"                     [id=22952, stack(0x000000bcf4100000,0x000000bcf4200000) (1024K)]
  0x0000021d47232800 WorkerThread "GC Thread#4"                     [id=7152, stack(0x000000bcf4200000,0x000000bcf4300000) (1024K)]
  0x0000021d47233720 WorkerThread "GC Thread#5"                     [id=3392, stack(0x000000bcf4300000,0x000000bcf4400000) (1024K)]
  0x0000021d47233ad0 WorkerThread "GC Thread#6"                     [id=22544, stack(0x000000bcf4400000,0x000000bcf4500000) (1024K)]
  0x0000021d4769cc50 WorkerThread "GC Thread#7"                     [id=17440, stack(0x000000bcf4600000,0x000000bcf4700000) (1024K)]
Total: 10

Threads with active compile tasks:
C2 CompilerThread0  30949 4279       4       org.eclipse.osgi.internal.serviceregistry.ServiceRegistry::notifyHooksPrivileged (57 bytes)
C2 CompilerThread1  30949 4392       4       org.codehaus.plexus.util.InterpolationFilterReader::read (477 bytes)
Total: 2

VM state: not at safepoint (normal execution)

VM Mutex/Monitor currently owned by a thread: None

Heap address: 0x0000000080000000, size: 2048 MB, Compressed Oops mode: 32-bit

CDS archive(s) mapped at: [0x0000021d00000000-0x0000021d00ba0000-0x0000021d00ba0000), size 12189696, SharedBaseAddress: 0x0000021d00000000, ArchiveRelocationMode: 1.
Compressed class space mapped at: 0x0000021d01000000-0x0000021d41000000, reserved size: 1073741824
Narrow klass base: 0x0000021d00000000, Narrow klass shift: 0, Narrow klass range: 0x100000000

GC Precious Log:
 CardTable entry size: 512
 CPUs: 8 total, 8 available
 Memory: 8050M
 Large Page Support: Disabled
 NUMA Support: Disabled
 Compressed Oops: Enabled (32-bit)
 Alignments: Space 512K, Generation 512K, Heap 2M
 Heap Min Capacity: 100M
 Heap Initial Capacity: 100M
 Heap Max Capacity: 2G
 Pre-touch: Disabled
 Parallel Workers: 8

Heap:
 PSYoungGen      total 24064K, used 9587K [0x00000000d5580000, 0x00000000d7200000, 0x0000000100000000)
  eden space 22528K, 38% used [0x00000000d5580000,0x00000000d5de5890,0x00000000d6b80000)
  from space 1536K, 72% used [0x00000000d6e00000,0x00000000d6f18000,0x00000000d6f80000)
  to   space 2048K, 0% used [0x00000000d7000000,0x00000000d7000000,0x00000000d7200000)
 ParOldGen       total 68608K, used 16754K [0x0000000080000000, 0x0000000084300000, 0x00000000d5580000)
  object space 68608K, 24% used [0x0000000080000000,0x000000008105cbc0,0x0000000084300000)
 Metaspace       used 31238K, committed 32256K, reserved 1114112K
  class space    used 3210K, committed 3648K, reserved 1048576K

Card table byte_map: [0x0000021d68dc0000,0x0000021d691d0000] _byte_map_base: 0x0000021d689c0000

Marking Bits: (ParMarkBitMap*) 0x00007ffe45db3450
 Begin Bits: [0x0000021d7b710000, 0x0000021d7d710000)
 End Bits:   [0x0000021d7d710000, 0x0000021d7f710000)

Polling page: 0x0000021d67240000

Metaspace:

Usage:
  Non-class:     27.37 MB used.
      Class:      3.13 MB used.
       Both:     30.51 MB used.

Virtual space:
  Non-class space:       64.00 MB reserved,      27.94 MB ( 44%) committed,  1 nodes.
      Class space:        1.00 GB reserved,       3.56 MB ( <1%) committed,  1 nodes.
             Both:        1.06 GB reserved,      31.50 MB (  3%) committed. 

Chunk freelists:
   Non-Class:  3.89 MB
       Class:  12.33 MB
        Both:  16.22 MB

MaxMetaspaceSize: unlimited
CompressedClassSpaceSize: 1.00 GB
Initial GC threshold: 21.00 MB
Current GC threshold: 35.00 MB
CDS: on
 - commit_granule_bytes: 65536.
 - commit_granule_words: 8192.
 - virtual_space_node_default_size: 8388608.
 - enlarge_chunks_in_place: 1.
 - use_allocation_guard: 0.


Internal statistics:

num_allocs_failed_limit: 3.
num_arena_births: 852.
num_arena_deaths: 14.
num_vsnodes_births: 2.
num_vsnodes_deaths: 0.
num_space_committed: 504.
num_space_uncommitted: 0.
num_chunks_returned_to_freelist: 17.
num_chunks_taken_from_freelist: 2203.
num_chunk_merges: 8.
num_chunk_splits: 1375.
num_chunks_enlarged: 793.
num_inconsistent_stats: 0.

CodeHeap 'non-profiled nmethods': size=120000Kb used=2206Kb max_used=2206Kb free=117793Kb
 bounds [0x0000021d741e0000, 0x0000021d74450000, 0x0000021d7b710000]
CodeHeap 'profiled nmethods': size=120000Kb used=9566Kb max_used=9566Kb free=110433Kb
 bounds [0x0000021d6c710000, 0x0000021d6d070000, 0x0000021d73c40000]
CodeHeap 'non-nmethods': size=5760Kb used=1339Kb max_used=1428Kb free=4420Kb
 bounds [0x0000021d73c40000, 0x0000021d73eb0000, 0x0000021d741e0000]
CodeCache: size=245760Kb, used=13111Kb, max_used=13200Kb, free=232646Kb
 total_blobs=5110, nmethods=4480, adapters=536, full_count=0
Compilation: enabled, stopped_count=0, restarted_count=0

Compilation events (20 events):
Event: 29.874 Thread 0x0000021d7fd0ccc0 4415       1       org.eclipse.jdt.internal.core.ClasspathEntry::isExported (5 bytes)
Event: 29.874 Thread 0x0000021d7fd0ccc0 nmethod 4415 0x0000021d743f9810 code [0x0000021d743f99a0, 0x0000021d743f9a70]
Event: 29.877 Thread 0x0000021d7fd0ccc0 4416   !   3       org.eclipse.core.internal.resources.Workspace::getResourceInfo (109 bytes)
Event: 29.878 Thread 0x0000021d7fd0ccc0 nmethod 4416 0x0000021d6d049490 code [0x0000021d6d049720, 0x0000021d6d04a268]
Event: 29.888 Thread 0x0000021d7fd0ccc0 4417       1       org.eclipse.core.internal.resources.ResourceInfo::getFlags (5 bytes)
Event: 29.888 Thread 0x0000021d7fd0ccc0 nmethod 4417 0x0000021d743f9b10 code [0x0000021d743f9ca0, 0x0000021d743f9d68]
Event: 29.891 Thread 0x0000021d7fd0ccc0 4419       1       org.eclipse.core.internal.resources.Project::getType (2 bytes)
Event: 29.891 Thread 0x0000021d7fd0ccc0 nmethod 4419 0x0000021d743f9e10 code [0x0000021d743f9fa0, 0x0000021d743fa068]
Event: 29.891 Thread 0x0000021d7fd0ccc0 4420       3       org.eclipse.core.runtime.Path::isAbsolute (13 bytes)
Event: 29.892 Thread 0x0000021d7fd0ccc0 nmethod 4420 0x0000021d6d04a810 code [0x0000021d6d04a9c0, 0x0000021d6d04ab38]
Event: 29.892 Thread 0x0000021d7fd0ccc0 4421       1       org.eclipse.core.internal.resources.ResourceInfo::getFileStoreRoot (5 bytes)
Event: 29.892 Thread 0x0000021d7fd0ccc0 nmethod 4421 0x0000021d743fa110 code [0x0000021d743fa2a0, 0x0000021d743fa368]
Event: 29.892 Thread 0x0000021d7fd0ccc0 4422       1       org.eclipse.jdt.internal.core.JavaProject::getProject (5 bytes)
Event: 29.892 Thread 0x0000021d7fd0ccc0 nmethod 4422 0x0000021d743fa410 code [0x0000021d743fa5a0, 0x0000021d743fa668]
Event: 29.892 Thread 0x0000021d7fd0ccc0 4423       1       org.eclipse.jdt.internal.core.ClasspathEntry::getContentKind (5 bytes)
Event: 29.892 Thread 0x0000021d7fd0ccc0 nmethod 4423 0x0000021d743fa710 code [0x0000021d743fa8a0, 0x0000021d743fa968]
Event: 29.892 Thread 0x0000021d7fd0ccc0 4424       1       org.eclipse.core.internal.resources.Workspace::getFileSystemManager (5 bytes)
Event: 29.892 Thread 0x0000021d7fd0ccc0 nmethod 4424 0x0000021d743faa10 code [0x0000021d743faba0, 0x0000021d743fac68]
Event: 29.892 Thread 0x0000021d7fd0ccc0 4425       1       org.eclipse.core.internal.localstore.FileStoreRoot::isValid (5 bytes)
Event: 29.892 Thread 0x0000021d7fd0ccc0 nmethod 4425 0x0000021d743fad10 code [0x0000021d743faea0, 0x0000021d743faf70]

GC Heap History (20 events):
Event: 11.641 GC heap before
{Heap before GC invocations=3 (full 0):
 PSYoungGen      total 29696K, used 29563K [0x00000000d5580000, 0x00000000d7680000, 0x0000000100000000)
  eden space 25600K, 99% used [0x00000000d5580000,0x00000000d6e656c0,0x00000000d6e80000)
  from space 4096K, 99% used [0x00000000d7280000,0x00000000d7679820,0x00000000d7680000)
  to   space 4096K, 0% used [0x00000000d6e80000,0x00000000d6e80000,0x00000000d7280000)
 ParOldGen       total 68608K, used 2053K [0x0000000080000000, 0x0000000084300000, 0x00000000d5580000)
  object space 68608K, 2% used [0x0000000080000000,0x0000000080201658,0x0000000084300000)
 Metaspace       used 9454K, committed 9728K, reserved 1114112K
  class space    used 1006K, committed 1152K, reserved 1048576K
}
Event: 11.657 GC heap after
{Heap after GC invocations=3 (full 0):
 PSYoungGen      total 29696K, used 4088K [0x00000000d5580000, 0x00000000d7680000, 0x0000000100000000)
  eden space 25600K, 0% used [0x00000000d5580000,0x00000000d5580000,0x00000000d6e80000)
  from space 4096K, 99% used [0x00000000d6e80000,0x00000000d727e1c0,0x00000000d7280000)
  to   space 4096K, 0% used [0x00000000d7280000,0x00000000d7280000,0x00000000d7680000)
 ParOldGen       total 68608K, used 5137K [0x0000000080000000, 0x0000000084300000, 0x00000000d5580000)
  object space 68608K, 7% used [0x0000000080000000,0x00000000805047e8,0x0000000084300000)
 Metaspace       used 9454K, committed 9728K, reserved 1114112K
  class space    used 1006K, committed 1152K, reserved 1048576K
}
Event: 17.467 GC heap before
{Heap before GC invocations=4 (full 0):
 PSYoungGen      total 29696K, used 29688K [0x00000000d5580000, 0x00000000d7680000, 0x0000000100000000)
  eden space 25600K, 100% used [0x00000000d5580000,0x00000000d6e80000,0x00000000d6e80000)
  from space 4096K, 99% used [0x00000000d6e80000,0x00000000d727e1c0,0x00000000d7280000)
  to   space 4096K, 0% used [0x00000000d7280000,0x00000000d7280000,0x00000000d7680000)
 ParOldGen       total 68608K, used 5137K [0x0000000080000000, 0x0000000084300000, 0x00000000d5580000)
  object space 68608K, 7% used [0x0000000080000000,0x00000000805047e8,0x0000000084300000)
 Metaspace       used 11680K, committed 12096K, reserved 1114112K
  class space    used 1229K, committed 1408K, reserved 1048576K
}
Event: 17.476 GC heap after
{Heap after GC invocations=4 (full 0):
 PSYoungGen      total 29696K, used 4089K [0x00000000d5580000, 0x00000000d7680000, 0x0000000100000000)
  eden space 25600K, 0% used [0x00000000d5580000,0x00000000d5580000,0x00000000d6e80000)
  from space 4096K, 99% used [0x00000000d7280000,0x00000000d767e7b8,0x00000000d7680000)
  to   space 4096K, 0% used [0x00000000d6e80000,0x00000000d6e80000,0x00000000d7280000)
 ParOldGen       total 68608K, used 6783K [0x0000000080000000, 0x0000000084300000, 0x00000000d5580000)
  object space 68608K, 9% used [0x0000000080000000,0x000000008069ffe8,0x0000000084300000)
 Metaspace       used 11680K, committed 12096K, reserved 1114112K
  class space    used 1229K, committed 1408K, reserved 1048576K
}
Event: 19.079 GC heap before
{Heap before GC invocations=5 (full 0):
 PSYoungGen      total 29696K, used 29689K [0x00000000d5580000, 0x00000000d7680000, 0x0000000100000000)
  eden space 25600K, 100% used [0x00000000d5580000,0x00000000d6e80000,0x00000000d6e80000)
  from space 4096K, 99% used [0x00000000d7280000,0x00000000d767e7b8,0x00000000d7680000)
  to   space 4096K, 0% used [0x00000000d6e80000,0x00000000d6e80000,0x00000000d7280000)
 ParOldGen       total 68608K, used 6783K [0x0000000080000000, 0x0000000084300000, 0x00000000d5580000)
  object space 68608K, 9% used [0x0000000080000000,0x000000008069ffe8,0x0000000084300000)
 Metaspace       used 15591K, committed 16128K, reserved 1114112K
  class space    used 1621K, committed 1856K, reserved 1048576K
}
Event: 20.089 GC heap after
{Heap after GC invocations=5 (full 0):
 PSYoungGen      total 29184K, used 4094K [0x00000000d5580000, 0x00000000d7900000, 0x0000000100000000)
  eden space 25088K, 0% used [0x00000000d5580000,0x00000000d5580000,0x00000000d6e00000)
  from space 4096K, 99% used [0x00000000d6e80000,0x00000000d727f8c8,0x00000000d7280000)
  to   space 5632K, 0% used [0x00000000d7380000,0x00000000d7380000,0x00000000d7900000)
 ParOldGen       total 68608K, used 7907K [0x0000000080000000, 0x0000000084300000, 0x00000000d5580000)
  object space 68608K, 11% used [0x0000000080000000,0x00000000807b8ff8,0x0000000084300000)
 Metaspace       used 15591K, committed 16128K, reserved 1114112K
  class space    used 1621K, committed 1856K, reserved 1048576K
}
Event: 22.924 GC heap before
{Heap before GC invocations=6 (full 0):
 PSYoungGen      total 29184K, used 29182K [0x00000000d5580000, 0x00000000d7900000, 0x0000000100000000)
  eden space 25088K, 100% used [0x00000000d5580000,0x00000000d6e00000,0x00000000d6e00000)
  from space 4096K, 99% used [0x00000000d6e80000,0x00000000d727f8c8,0x00000000d7280000)
  to   space 5632K, 0% used [0x00000000d7380000,0x00000000d7380000,0x00000000d7900000)
 ParOldGen       total 68608K, used 7907K [0x0000000080000000, 0x0000000084300000, 0x00000000d5580000)
  object space 68608K, 11% used [0x0000000080000000,0x00000000807b8ff8,0x0000000084300000)
 Metaspace       used 18654K, committed 19392K, reserved 1114112K
  class space    used 1961K, committed 2240K, reserved 1048576K
}
Event: 22.936 GC heap after
{Heap after GC invocations=6 (full 0):
 PSYoungGen      total 30208K, used 5208K [0x00000000d5580000, 0x00000000d7900000, 0x0000000100000000)
  eden space 24576K, 0% used [0x00000000d5580000,0x00000000d5580000,0x00000000d6d80000)
  from space 5632K, 92% used [0x00000000d7380000,0x00000000d78963d8,0x00000000d7900000)
  to   space 5632K, 0% used [0x00000000d6e00000,0x00000000d6e00000,0x00000000d7380000)
 ParOldGen       total 68608K, used 7915K [0x0000000080000000, 0x0000000084300000, 0x00000000d5580000)
  object space 68608K, 11% used [0x0000000080000000,0x00000000807baff8,0x0000000084300000)
 Metaspace       used 18654K, committed 19392K, reserved 1114112K
  class space    used 1961K, committed 2240K, reserved 1048576K
}
Event: 24.109 GC heap before
{Heap before GC invocations=7 (full 0):
 PSYoungGen      total 30208K, used 25148K [0x00000000d5580000, 0x00000000d7900000, 0x0000000100000000)
  eden space 24576K, 81% used [0x00000000d5580000,0x00000000d68f8d00,0x00000000d6d80000)
  from space 5632K, 92% used [0x00000000d7380000,0x00000000d78963d8,0x00000000d7900000)
  to   space 5632K, 0% used [0x00000000d6e00000,0x00000000d6e00000,0x00000000d7380000)
 ParOldGen       total 68608K, used 7915K [0x0000000080000000, 0x0000000084300000, 0x00000000d5580000)
  object space 68608K, 11% used [0x0000000080000000,0x00000000807baff8,0x0000000084300000)
 Metaspace       used 20650K, committed 21504K, reserved 1114112K
  class space    used 2203K, committed 2560K, reserved 1048576K
}
Event: 24.127 GC heap after
{Heap after GC invocations=7 (full 0):
 PSYoungGen      total 29696K, used 4799K [0x00000000d5580000, 0x00000000d7780000, 0x0000000100000000)
  eden space 24576K, 0% used [0x00000000d5580000,0x00000000d5580000,0x00000000d6d80000)
  from space 5120K, 93% used [0x00000000d6e00000,0x00000000d72afeb0,0x00000000d7300000)
  to   space 4608K, 0% used [0x00000000d7300000,0x00000000d7300000,0x00000000d7780000)
 ParOldGen       total 68608K, used 9359K [0x0000000080000000, 0x0000000084300000, 0x00000000d5580000)
  object space 68608K, 13% used [0x0000000080000000,0x0000000080923fe0,0x0000000084300000)
 Metaspace       used 20650K, committed 21504K, reserved 1114112K
  class space    used 2203K, committed 2560K, reserved 1048576K
}
Event: 24.127 GC heap before
{Heap before GC invocations=8 (full 1):
 PSYoungGen      total 29696K, used 4799K [0x00000000d5580000, 0x00000000d7780000, 0x0000000100000000)
  eden space 24576K, 0% used [0x00000000d5580000,0x00000000d5580000,0x00000000d6d80000)
  from space 5120K, 93% used [0x00000000d6e00000,0x00000000d72afeb0,0x00000000d7300000)
  to   space 4608K, 0% used [0x00000000d7300000,0x00000000d7300000,0x00000000d7780000)
 ParOldGen       total 68608K, used 9359K [0x0000000080000000, 0x0000000084300000, 0x00000000d5580000)
  object space 68608K, 13% used [0x0000000080000000,0x0000000080923fe0,0x0000000084300000)
 Metaspace       used 20650K, committed 21504K, reserved 1114112K
  class space    used 2203K, committed 2560K, reserved 1048576K
}
Event: 24.271 GC heap after
{Heap after GC invocations=8 (full 1):
 PSYoungGen      total 29696K, used 0K [0x00000000d5580000, 0x00000000d7780000, 0x0000000100000000)
  eden space 24576K, 0% used [0x00000000d5580000,0x00000000d5580000,0x00000000d6d80000)
  from space 5120K, 0% used [0x00000000d6e00000,0x00000000d6e00000,0x00000000d7300000)
  to   space 4608K, 0% used [0x00000000d7300000,0x00000000d7300000,0x00000000d7780000)
 ParOldGen       total 68608K, used 13522K [0x0000000080000000, 0x0000000084300000, 0x00000000d5580000)
  object space 68608K, 19% used [0x0000000080000000,0x0000000080d34880,0x0000000084300000)
 Metaspace       used 20637K, committed 21504K, reserved 1114112K
  class space    used 2199K, committed 2560K, reserved 1048576K
}
Event: 26.079 GC heap before
{Heap before GC invocations=9 (full 1):
 PSYoungGen      total 29696K, used 24576K [0x00000000d5580000, 0x00000000d7780000, 0x0000000100000000)
  eden space 24576K, 100% used [0x00000000d5580000,0x00000000d6d80000,0x00000000d6d80000)
  from space 5120K, 0% used [0x00000000d6e00000,0x00000000d6e00000,0x00000000d7300000)
  to   space 4608K, 0% used [0x00000000d7300000,0x00000000d7300000,0x00000000d7780000)
 ParOldGen       total 68608K, used 13522K [0x0000000080000000, 0x0000000084300000, 0x00000000d5580000)
  object space 68608K, 19% used [0x0000000080000000,0x0000000080d34880,0x0000000084300000)
 Metaspace       used 22531K, committed 23488K, reserved 1114112K
  class space    used 2368K, committed 2752K, reserved 1048576K
}
Event: 26.083 GC heap after
{Heap after GC invocations=9 (full 1):
 PSYoungGen      total 27136K, used 2964K [0x00000000d5580000, 0x00000000d7600000, 0x0000000100000000)
  eden space 24064K, 0% used [0x00000000d5580000,0x00000000d5580000,0x00000000d6d00000)
  from space 3072K, 96% used [0x00000000d7300000,0x00000000d75e5228,0x00000000d7600000)
  to   space 4096K, 0% used [0x00000000d6e00000,0x00000000d6e00000,0x00000000d7200000)
 ParOldGen       total 68608K, used 13530K [0x0000000080000000, 0x0000000084300000, 0x00000000d5580000)
  object space 68608K, 19% used [0x0000000080000000,0x0000000080d36880,0x0000000084300000)
 Metaspace       used 22531K, committed 23488K, reserved 1114112K
  class space    used 2368K, committed 2752K, reserved 1048576K
}
Event: 27.132 GC heap before
{Heap before GC invocations=10 (full 1):
 PSYoungGen      total 27136K, used 27028K [0x00000000d5580000, 0x00000000d7600000, 0x0000000100000000)
  eden space 24064K, 100% used [0x00000000d5580000,0x00000000d6d00000,0x00000000d6d00000)
  from space 3072K, 96% used [0x00000000d7300000,0x00000000d75e5228,0x00000000d7600000)
  to   space 4096K, 0% used [0x00000000d6e00000,0x00000000d6e00000,0x00000000d7200000)
 ParOldGen       total 68608K, used 13530K [0x0000000080000000, 0x0000000084300000, 0x00000000d5580000)
  object space 68608K, 19% used [0x0000000080000000,0x0000000080d36880,0x0000000084300000)
 Metaspace       used 26236K, committed 27136K, reserved 1114112K
  class space    used 2658K, committed 3008K, reserved 1048576K
}
Event: 27.136 GC heap after
{Heap after GC invocations=10 (full 1):
 PSYoungGen      total 27136K, used 3527K [0x00000000d5580000, 0x00000000d7480000, 0x0000000100000000)
  eden space 23552K, 0% used [0x00000000d5580000,0x00000000d5580000,0x00000000d6c80000)
  from space 3584K, 98% used [0x00000000d6e00000,0x00000000d7171fc8,0x00000000d7180000)
  to   space 3072K, 0% used [0x00000000d7180000,0x00000000d7180000,0x00000000d7480000)
 ParOldGen       total 68608K, used 13538K [0x0000000080000000, 0x0000000084300000, 0x00000000d5580000)
  object space 68608K, 19% used [0x0000000080000000,0x0000000080d38880,0x0000000084300000)
 Metaspace       used 26236K, committed 27136K, reserved 1114112K
  class space    used 2658K, committed 3008K, reserved 1048576K
}
Event: 27.800 GC heap before
{Heap before GC invocations=11 (full 1):
 PSYoungGen      total 27136K, used 27079K [0x00000000d5580000, 0x00000000d7480000, 0x0000000100000000)
  eden space 23552K, 100% used [0x00000000d5580000,0x00000000d6c80000,0x00000000d6c80000)
  from space 3584K, 98% used [0x00000000d6e00000,0x00000000d7171fc8,0x00000000d7180000)
  to   space 3072K, 0% used [0x00000000d7180000,0x00000000d7180000,0x00000000d7480000)
 ParOldGen       total 68608K, used 13538K [0x0000000080000000, 0x0000000084300000, 0x00000000d5580000)
  object space 68608K, 19% used [0x0000000080000000,0x0000000080d38880,0x0000000084300000)
 Metaspace       used 28138K, committed 29120K, reserved 1114112K
  class space    used 2833K, committed 3200K, reserved 1048576K
}
Event: 27.805 GC heap after
{Heap after GC invocations=11 (full 1):
 PSYoungGen      total 25600K, used 2472K [0x00000000d5580000, 0x00000000d7400000, 0x0000000100000000)
  eden space 23040K, 0% used [0x00000000d5580000,0x00000000d5580000,0x00000000d6c00000)
  from space 2560K, 96% used [0x00000000d7180000,0x00000000d73ea2b0,0x00000000d7400000)
  to   space 3072K, 0% used [0x00000000d6e00000,0x00000000d6e00000,0x00000000d7100000)
 ParOldGen       total 68608K, used 14466K [0x0000000080000000, 0x0000000084300000, 0x00000000d5580000)
  object space 68608K, 21% used [0x0000000080000000,0x0000000080e20888,0x0000000084300000)
 Metaspace       used 28138K, committed 29120K, reserved 1114112K
  class space    used 2833K, committed 3200K, reserved 1048576K
}
Event: 29.901 GC heap before
{Heap before GC invocations=12 (full 1):
 PSYoungGen      total 25600K, used 25512K [0x00000000d5580000, 0x00000000d7400000, 0x0000000100000000)
  eden space 23040K, 100% used [0x00000000d5580000,0x00000000d6c00000,0x00000000d6c00000)
  from space 2560K, 96% used [0x00000000d7180000,0x00000000d73ea2b0,0x00000000d7400000)
  to   space 3072K, 0% used [0x00000000d6e00000,0x00000000d6e00000,0x00000000d7100000)
 ParOldGen       total 68608K, used 14466K [0x0000000080000000, 0x0000000084300000, 0x00000000d5580000)
  object space 68608K, 21% used [0x0000000080000000,0x0000000080e20888,0x0000000084300000)
 Metaspace       used 30737K, committed 31808K, reserved 1114112K
  class space    used 3154K, committed 3648K, reserved 1048576K
}
Event: 30.882 GC heap after
{Heap after GC invocations=12 (full 1):
 PSYoungGen      total 24064K, used 1120K [0x00000000d5580000, 0x00000000d7200000, 0x0000000100000000)
  eden space 22528K, 0% used [0x00000000d5580000,0x00000000d5580000,0x00000000d6b80000)
  from space 1536K, 72% used [0x00000000d6e00000,0x00000000d6f18000,0x00000000d6f80000)
  to   space 2048K, 0% used [0x00000000d7000000,0x00000000d7000000,0x00000000d7200000)
 ParOldGen       total 68608K, used 16754K [0x0000000080000000, 0x0000000084300000, 0x00000000d5580000)
  object space 68608K, 24% used [0x0000000080000000,0x000000008105cbc0,0x0000000084300000)
 Metaspace       used 30737K, committed 31808K, reserved 1114112K
  class space    used 3154K, committed 3648K, reserved 1048576K
}

Dll operation events (10 events):
Event: 0.067 Loaded shared library c:\Users\biend\.vscode\extensions\redhat.java-1.54.0-win32-x64\jre\21.0.10-win32-x86_64\bin\java.dll
Event: 1.841 Loaded shared library c:\Users\biend\.vscode\extensions\redhat.java-1.54.0-win32-x64\jre\21.0.10-win32-x86_64\bin\zip.dll
Event: 2.040 Loaded shared library C:\Users\biend\.vscode\extensions\redhat.java-1.54.0-win32-x64\jre\21.0.10-win32-x86_64\bin\instrument.dll
Event: 2.158 Loaded shared library C:\Users\biend\.vscode\extensions\redhat.java-1.54.0-win32-x64\jre\21.0.10-win32-x86_64\bin\net.dll
Event: 2.215 Loaded shared library C:\Users\biend\.vscode\extensions\redhat.java-1.54.0-win32-x64\jre\21.0.10-win32-x86_64\bin\nio.dll
Event: 2.266 Loaded shared library C:\Users\biend\.vscode\extensions\redhat.java-1.54.0-win32-x64\jre\21.0.10-win32-x86_64\bin\zip.dll
Event: 3.089 Loaded shared library C:\Users\biend\.vscode\extensions\redhat.java-1.54.0-win32-x64\jre\21.0.10-win32-x86_64\bin\jimage.dll
Event: 3.634 Loaded shared library c:\Users\biend\.vscode\extensions\redhat.java-1.54.0-win32-x64\jre\21.0.10-win32-x86_64\bin\verify.dll
Event: 9.782 Loaded shared library C:\Users\biend\AppData\Roaming\Code\User\globalStorage\redhat.java\1.54.0\config_win\org.eclipse.equinox.launcher\org.eclipse.equinox.launcher.win32.win32.x86_64_1.3.0.v20260203-2149\eclipse_11919.dll
Event: 21.365 Loaded shared library C:\Users\biend\AppData\Local\Temp\jna-93733684\jna667307423267170149.dll

Deoptimization events (20 events):
Event: 29.228 Thread 0x0000021d473bf3f0 Uncommon trap: trap_request=0xffffff45 fr.pc=0x0000021d74299498 relative=0x00000000000008d8
Event: 29.228 Thread 0x0000021d473bf3f0 Uncommon trap: reason=unstable_if action=reinterpret pc=0x0000021d74299498 method=jdk.internal.org.objectweb.asm.SymbolTable.put(Ljdk/internal/org/objectweb/asm/SymbolTable$Entry;)Ljdk/internal/org/objectweb/asm/SymbolTable$Entry; @ 13 c2
Event: 29.228 Thread 0x0000021d473bf3f0 DEOPT PACKING pc=0x0000021d74299498 sp=0x000000bcf4efd770
Event: 29.228 Thread 0x0000021d473bf3f0 DEOPT UNPACKING pc=0x0000021d73c93aa2 sp=0x000000bcf4efd688 mode 2
Event: 29.268 Thread 0x0000021d473bf3f0 Uncommon trap: trap_request=0xffffffc6 fr.pc=0x0000021d742e447c relative=0x00000000000010dc
Event: 29.268 Thread 0x0000021d473bf3f0 Uncommon trap: reason=bimorphic_or_optimized_type_check action=maybe_recompile pc=0x0000021d742e447c method=java.util.Properties$LineReader.readLine()I @ 479 c2
Event: 29.268 Thread 0x0000021d473bf3f0 DEOPT PACKING pc=0x0000021d742e447c sp=0x000000bcf4efd880
Event: 29.268 Thread 0x0000021d473bf3f0 DEOPT UNPACKING pc=0x0000021d73c93aa2 sp=0x000000bcf4efd820 mode 2
Event: 29.739 Thread 0x0000021d4284d490 Uncommon trap: trap_request=0xffffff45 fr.pc=0x0000021d743f4d18 relative=0x00000000000022d8
Event: 29.739 Thread 0x0000021d4284d490 Uncommon trap: reason=unstable_if action=reinterpret pc=0x0000021d743f4d18 method=sun.nio.cs.StreamDecoder.implRead([CII)I @ 186 c2
Event: 29.739 Thread 0x0000021d4284d490 DEOPT PACKING pc=0x0000021d743f4d18 sp=0x000000bcf49f8da0
Event: 29.739 Thread 0x0000021d4284d490 DEOPT UNPACKING pc=0x0000021d73c93aa2 sp=0x000000bcf49f8c48 mode 2
Event: 29.751 Thread 0x0000021d473bf3f0 Uncommon trap: trap_request=0xffffff45 fr.pc=0x0000021d74327dd4 relative=0x0000000000000134
Event: 29.751 Thread 0x0000021d473bf3f0 Uncommon trap: reason=unstable_if action=reinterpret pc=0x0000021d74327dd4 method=java.util.ArrayList.indexOfRange(Ljava/lang/Object;II)I @ 7 c2
Event: 29.751 Thread 0x0000021d473bf3f0 DEOPT PACKING pc=0x0000021d74327dd4 sp=0x000000bcf4efe3e0
Event: 29.751 Thread 0x0000021d473bf3f0 DEOPT UNPACKING pc=0x0000021d73c93aa2 sp=0x000000bcf4efe2a0 mode 2
Event: 29.872 Thread 0x0000021d473bf3f0 Uncommon trap: trap_request=0xffffff45 fr.pc=0x0000021d7431dbc4 relative=0x0000000000000124
Event: 29.872 Thread 0x0000021d473bf3f0 Uncommon trap: reason=unstable_if action=reinterpret pc=0x0000021d7431dbc4 method=java.util.ArrayList.indexOfRange(Ljava/lang/Object;II)I @ 7 c2
Event: 29.872 Thread 0x0000021d473bf3f0 DEOPT PACKING pc=0x0000021d7431dbc4 sp=0x000000bcf4efe340
Event: 29.874 Thread 0x0000021d473bf3f0 DEOPT UNPACKING pc=0x0000021d73c93aa2 sp=0x000000bcf4efe2c0 mode 2

Classes loaded (20 events):
Event: 29.739 Loading class com/sun/org/apache/xerces/internal/impl/msg/XMLSerializerMessages_en
Event: 29.739 Loading class com/sun/org/apache/xerces/internal/impl/msg/XMLSerializerMessages_en done
Event: 29.739 Loading class com/sun/org/apache/xerces/internal/impl/msg/XMLSerializerMessages_en
Event: 29.739 Loading class com/sun/org/apache/xerces/internal/impl/msg/XMLSerializerMessages_en done
Event: 29.739 Loading class com/sun/org/apache/xerces/internal/impl/msg/XMLSerializerMessages_en_US
Event: 29.739 Loading class com/sun/org/apache/xerces/internal/impl/msg/XMLSerializerMessages_en_US done
Event: 29.739 Loading class com/sun/org/apache/xerces/internal/impl/msg/XMLSerializerMessages_en_US
Event: 29.739 Loading class com/sun/org/apache/xerces/internal/impl/msg/XMLSerializerMessages_en_US done
Event: 29.740 Loading class com/sun/org/apache/xerces/internal/impl/msg/XMLMessages
Event: 29.740 Loading class com/sun/org/apache/xerces/internal/impl/msg/XMLMessages done
Event: 29.740 Loading class com/sun/org/apache/xerces/internal/impl/msg/XMLMessages
Event: 29.740 Loading class com/sun/org/apache/xerces/internal/impl/msg/XMLMessages done
Event: 29.762 Loading class com/sun/org/apache/xerces/internal/impl/msg/XMLMessages_en
Event: 29.762 Loading class com/sun/org/apache/xerces/internal/impl/msg/XMLMessages_en done
Event: 29.762 Loading class com/sun/org/apache/xerces/internal/impl/msg/XMLMessages_en
Event: 29.762 Loading class com/sun/org/apache/xerces/internal/impl/msg/XMLMessages_en done
Event: 29.762 Loading class com/sun/org/apache/xerces/internal/impl/msg/XMLMessages_en_US
Event: 29.762 Loading class com/sun/org/apache/xerces/internal/impl/msg/XMLMessages_en_US done
Event: 29.762 Loading class com/sun/org/apache/xerces/internal/impl/msg/XMLMessages_en_US
Event: 29.762 Loading class com/sun/org/apache/xerces/internal/impl/msg/XMLMessages_en_US done

Classes unloaded (7 events):
Event: 24.150 Thread 0x0000021d7fcb28d0 Unloading class 0x0000021d011ab800 'java/lang/invoke/LambdaForm$MH+0x0000021d011ab800'
Event: 24.150 Thread 0x0000021d7fcb28d0 Unloading class 0x0000021d011ab400 'java/lang/invoke/LambdaForm$MH+0x0000021d011ab400'
Event: 24.150 Thread 0x0000021d7fcb28d0 Unloading class 0x0000021d011ab000 'java/lang/invoke/LambdaForm$MH+0x0000021d011ab000'
Event: 24.150 Thread 0x0000021d7fcb28d0 Unloading class 0x0000021d011aac00 'java/lang/invoke/LambdaForm$MH+0x0000021d011aac00'
Event: 24.150 Thread 0x0000021d7fcb28d0 Unloading class 0x0000021d011aa800 'java/lang/invoke/LambdaForm$BMH+0x0000021d011aa800'
Event: 24.150 Thread 0x0000021d7fcb28d0 Unloading class 0x0000021d011aa400 'java/lang/invoke/LambdaForm$DMH+0x0000021d011aa400'
Event: 24.150 Thread 0x0000021d7fcb28d0 Unloading class 0x0000021d011a9000 'java/lang/invoke/LambdaForm$DMH+0x0000021d011a9000'

Classes redefined (0 events):
No events

Internal exceptions (20 events):
Event: 24.013 Thread 0x0000021d4284d490 Exception <a 'java/lang/NoSuchMethodError'{0x00000000d67a93c0}: 'int java.lang.invoke.Invokers$Holder.linkToTargetMethod(java.lang.Object, java.lang.Object)'> (0x00000000d67a93c0) 
thrown [s\src\hotspot\share\interpreter\linkResolver.cpp, line 773]
Event: 24.090 Thread 0x0000021d4284d490 Exception <a 'java/lang/NoSuchMethodError'{0x00000000d68a1228}: 'java.lang.Object java.lang.invoke.Invokers$Holder.invoke_MT(java.lang.Object, java.lang.Object, java.lang.Object, java.lang.Object, java.lang.Object, java.lang.Object, java.lang.Object, java.lang.Object, java.lang.Object, java.lang.Object, java.lang.Object)'> (0x00000000d68a1228) 
thrown [s\src\hotspot\share\interpreter\linkResolver.cpp, line 773]
Event: 24.612 Thread 0x0000021d4284d490 Exception <a 'java/lang/NoSuchMethodError'{0x00000000d55e6ef8}: 'java.lang.Object java.lang.invoke.Invokers$Holder.invoke_MT(java.lang.Object, java.lang.Object, java.lang.Object, java.lang.Object, java.lang.Object, java.lang.Object, java.lang.Object, java.lang.Object, java.lang.Object, java.lang.Object)'> (0x00000000d55e6ef8) 
thrown [s\src\hotspot\share\interpreter\linkResolver.cpp, line 773]
Event: 24.806 Thread 0x0000021d4284d490 Exception <a 'java/lang/NoSuchMethodError'{0x00000000d56a00e0}: 'java.lang.Object java.lang.invoke.DirectMethodHandle$Holder.newInvokeSpecial(java.lang.Object, java.lang.Object, java.lang.Object, java.lang.Object, java.lang.Object, java.lang.Object, java.lang.Object)'> (0x00000000d56a00e0) 
thrown [s\src\hotspot\share\interpreter\linkResolver.cpp, line 773]
Event: 24.996 Thread 0x0000021d4284d490 Exception <a 'java/lang/NoSuchMethodError'{0x00000000d5717a08}: 'java.lang.Object java.lang.invoke.Invokers$Holder.invoker(java.lang.Object, java.lang.Object, java.lang.Object, java.lang.Object, java.lang.Object, java.lang.Object, java.lang.Object, java.lang.Object, java.lang.Object, java.lang.Object, java.lang.Object, java.lang.Object, java.lang.Object)'> (0x00000000d5717a08) 
thrown [s\src\hotspot\share\interpreter\linkResolver.cpp, line 773]
Event: 24.997 Thread 0x0000021d4284d490 Exception <a 'java/lang/NoSuchMethodError'{0x00000000d5721ea0}: 'java.lang.Object java.lang.invoke.DelegatingMethodHandle$Holder.delegate(java.lang.Object, java.lang.Object, java.lang.Object, java.lang.Object, java.lang.Object, java.lang.Object, java.lang.Object, java.lang.Object, java.lang.Object, java.lang.Object, java.lang.Object, java.lang.Object, java.lang.Object)'> (0x00000000d5721ea0) 
thrown [s\src\hotspot\share\interpreter\linkResolver.cpp, line 773]
Event: 25.078 Thread 0x0000021d4284d490 Exception <a 'java/lang/NoSuchMethodError'{0x00000000d578db48}: static Lorg/eclipse/m2e/core/internal/lifecyclemapping/model/PluginExecutionMetadata;.<clinit>()V> (0x00000000d578db48) 
thrown [s\src\hotspot\share\prims\jni.cpp, line 1111]
Event: 25.171 Thread 0x0000021d4284d490 Exception <a 'java/lang/NoSuchMethodError'{0x00000000d57edc10}: static Lorg/eclipse/m2e/core/internal/lifecyclemapping/model/PluginExecutionFilter;.<clinit>()V> (0x00000000d57edc10) 
thrown [s\src\hotspot\share\prims\jni.cpp, line 1111]
Event: 25.252 Thread 0x0000021d4284d490 Exception <a 'java/lang/NoSuchMethodError'{0x00000000d581d588}: static Lorg/eclipse/m2e/core/internal/project/registry/MavenProjectFacade$MavenProjectConfiguration;.<clinit>()V> (0x00000000d581d588) 
thrown [s\src\hotspot\share\prims\jni.cpp, line 1111]
Event: 25.778 Thread 0x0000021d4284d490 Exception <a 'java/lang/NoSuchMethodError'{0x00000000d5d99a68}: 'double java.lang.invoke.DirectMethodHandle$Holder.invokeStatic(java.lang.Object, java.lang.Object)'> (0x00000000d5d99a68) 
thrown [s\src\hotspot\share\interpreter\linkResolver.cpp, line 773]
Event: 25.779 Thread 0x0000021d4284d490 Exception <a 'java/lang/NoSuchMethodError'{0x00000000d5d9d128}: 'double java.lang.invoke.DirectMethodHandle$Holder.invokeStaticInit(java.lang.Object, java.lang.Object)'> (0x00000000d5d9d128) 
thrown [s\src\hotspot\share\interpreter\linkResolver.cpp, line 773]
Event: 26.702 Thread 0x0000021d4284d490 Implicit null exception at 0x0000021d743b5f75 to 0x0000021d743b6068
Event: 26.956 Thread 0x0000021d473bf3f0 Exception <a 'java/lang/NoSuchMethodError'{0x00000000d6925420}: 'java.lang.Object java.lang.invoke.DirectMethodHandle$Holder.invokeSpecialIFC(java.lang.Object, java.lang.Object, java.lang.Object, java.lang.Object)'> (0x00000000d6925420) 
thrown [s\src\hotspot\share\interpreter\linkResolver.cpp, line 773]
Event: 27.735 Thread 0x0000021d4284d490 Exception <a 'java/lang/NoSuchMethodError'{0x00000000d6bed778}: 'java.lang.Object java.lang.invoke.DirectMethodHandle$Holder.newInvokeSpecial(java.lang.Object, int, java.lang.Object, java.lang.Object)'> (0x00000000d6bed778) 
thrown [s\src\hotspot\share\interpreter\linkResolver.cpp, line 773]
Event: 27.758 Thread 0x0000021d4284d490 Exception <a 'java/io/FileNotFoundException'{0x00000000d6c03558}> (0x00000000d6c03558) 
thrown [s\src\hotspot\share\prims\jni.cpp, line 520]
Event: 27.759 Thread 0x0000021d4284d490 Exception <a 'java/io/FileNotFoundException'{0x00000000d6c04550}> (0x00000000d6c04550) 
thrown [s\src\hotspot\share\prims\jni.cpp, line 520]
Event: 29.328 Thread 0x0000021d473bf3f0 Exception <a 'java/lang/NoClassDefFoundError'{0x00000000d67e9d30}: javax/enterprise/inject/Typed> (0x00000000d67e9d30) 
thrown [s\src\hotspot\share\classfile\systemDictionary.cpp, line 301]
Event: 29.662 Thread 0x0000021d4284d490 Exception <a 'java/lang/ClassNotFoundException'{0x00000000d69490e8}: com/sun/org/apache/xerces/internal/impl/msg/spi/DOMMessagesProvider> (0x00000000d69490e8) 
thrown [s\src\hotspot\share\classfile\systemDictionary.cpp, line 312]
Event: 29.720 Thread 0x0000021d4284d490 Exception <a 'java/lang/ClassNotFoundException'{0x00000000d695a8a0}: com/sun/org/apache/xerces/internal/impl/msg/spi/XMLSerializerMessagesProvider> (0x00000000d695a8a0) 
thrown [s\src\hotspot\share\classfile\systemDictionary.cpp, line 312]
Event: 29.740 Thread 0x0000021d4284d490 Exception <a 'java/lang/ClassNotFoundException'{0x00000000d6967bc0}: com/sun/org/apache/xerces/internal/impl/msg/spi/XMLMessagesProvider> (0x00000000d6967bc0) 
thrown [s\src\hotspot\share\classfile\systemDictionary.cpp, line 312]

ZGC Phase Switch (0 events):
No events

VM Operations (20 events):
Event: 23.962 Executing non-safepoint VM operation: HandshakeAllThreads (Deoptimize)
Event: 23.962 Executing non-safepoint VM operation: HandshakeAllThreads (Deoptimize) done
Event: 24.109 Executing safepoint VM operation: CollectForMetadataAllocation (Metadata GC Threshold)
Event: 24.271 Executing safepoint VM operation: CollectForMetadataAllocation (Metadata GC Threshold) done
Event: 25.284 Executing safepoint VM operation: Cleanup
Event: 25.299 Executing safepoint VM operation: Cleanup done
Event: 26.079 Executing safepoint VM operation: ParallelGCFailedAllocation (Allocation Failure)
Event: 26.083 Executing safepoint VM operation: ParallelGCFailedAllocation (Allocation Failure) done
Event: 26.622 Executing non-safepoint VM operation: HandshakeAllThreads (Deoptimize)
Event: 26.622 Executing non-safepoint VM operation: HandshakeAllThreads (Deoptimize) done
Event: 27.118 Executing safepoint VM operation: ParallelGCFailedAllocation (Allocation Failure)
Event: 27.136 Executing safepoint VM operation: ParallelGCFailedAllocation (Allocation Failure) done
Event: 27.784 Executing safepoint VM operation: ParallelGCFailedAllocation (Allocation Failure)
Event: 27.805 Executing safepoint VM operation: ParallelGCFailedAllocation (Allocation Failure) done
Event: 28.816 Executing safepoint VM operation: Cleanup
Event: 28.835 Executing safepoint VM operation: Cleanup done
Event: 29.287 Executing non-safepoint VM operation: HandshakeAllThreads (Deoptimize)
Event: 29.287 Executing non-safepoint VM operation: HandshakeAllThreads (Deoptimize) done
Event: 29.894 Executing safepoint VM operation: ParallelGCFailedAllocation (Allocation Failure)
Event: 30.883 Executing safepoint VM operation: ParallelGCFailedAllocation (Allocation Failure) done

Memory protections (0 events):
No events

Nmethod flushes (0 events):
No events

Events (20 events):
Event: 10.659 Thread 0x0000021d7fd0ccc0 Thread added: 0x0000021d47661800
Event: 11.538 Thread 0x0000021d47661800 Thread exited: 0x0000021d47661800
Event: 11.956 Thread 0x0000021d4284d490 Thread added: 0x0000021d47661800
Event: 17.347 Thread 0x0000021d4284d490 Thread added: 0x0000021d47ec84b0
Event: 17.606 Thread 0x0000021d7fcdc7f0 Thread added: 0x0000021d47090ff0
Event: 18.081 Thread 0x0000021d4284d490 Thread added: 0x0000021d47dc8ea0
Event: 18.246 Thread 0x0000021d47090ff0 Thread exited: 0x0000021d47090ff0
Event: 20.095 Thread 0x0000021d7fcdc7f0 Thread added: 0x0000021d47ede180
Event: 20.367 Thread 0x0000021d47ede180 Thread exited: 0x0000021d47ede180
Event: 21.410 Thread 0x0000021d4284d490 Thread added: 0x0000021d473be6d0
Event: 21.480 Thread 0x0000021d4284d490 Thread added: 0x0000021d473bf3f0
Event: 21.512 Thread 0x0000021d4284d490 Thread added: 0x0000021d473bed60
Event: 21.735 Thread 0x0000021d7fd0ccc0 Thread added: 0x0000021d47d91930
Event: 21.848 Thread 0x0000021d47d91930 Thread exited: 0x0000021d47d91930
Event: 26.736 Thread 0x0000021d473bed60 Thread added: 0x0000021d47cde6d0
Event: 26.758 Thread 0x0000021d7fd0ccc0 Thread added: 0x0000021d48385990
Event: 26.931 Thread 0x0000021d48385990 Thread exited: 0x0000021d48385990
Event: 28.127 Thread 0x0000021d7fd0ccc0 Thread added: 0x0000021d4845cf60
Event: 28.377 Thread 0x0000021d4845cf60 Thread exited: 0x0000021d4845cf60
Event: 28.866 Thread 0x0000021d7fd0ccc0 Thread added: 0x0000021d476e07d0


Dynamic libraries:
0x00007ff635670000 - 0x00007ff63567e000 	c:\Users\biend\.vscode\extensions\redhat.java-1.54.0-win32-x64\jre\21.0.10-win32-x86_64\bin\java.exe
0x00007ffed8600000 - 0x00007ffed8867000 	C:\WINDOWS\SYSTEM32\ntdll.dll
0x00007ffed7250000 - 0x00007ffed7319000 	C:\WINDOWS\System32\KERNEL32.DLL
0x00007ffed5db0000 - 0x00007ffed61a4000 	C:\WINDOWS\System32\KERNELBASE.dll
0x00007ffed5bb0000 - 0x00007ffed5cfb000 	C:\WINDOWS\System32\ucrtbase.dll
0x00007ffeb18b0000 - 0x00007ffeb18c8000 	c:\Users\biend\.vscode\extensions\redhat.java-1.54.0-win32-x64\jre\21.0.10-win32-x86_64\bin\jli.dll
0x00007ffea5770000 - 0x00007ffea578e000 	c:\Users\biend\.vscode\extensions\redhat.java-1.54.0-win32-x64\jre\21.0.10-win32-x86_64\bin\VCRUNTIME140.dll
0x00007ffed6aa0000 - 0x00007ffed6c65000 	C:\WINDOWS\System32\USER32.dll
0x00007ffed4f90000 - 0x00007ffed4fb7000 	C:\WINDOWS\System32\win32u.dll
0x00007ffebfe70000 - 0x00007ffec0103000 	C:\WINDOWS\WinSxS\amd64_microsoft.windows.common-controls_6595b64144ccf1df_6.0.26100.8115_none_3e075c82e3354f9c\COMCTL32.dll
0x00007ffed6730000 - 0x00007ffed675b000 	C:\WINDOWS\System32\GDI32.dll
0x00007ffed71a0000 - 0x00007ffed7249000 	C:\WINDOWS\System32\msvcrt.dll
0x00007ffed61b0000 - 0x00007ffed62db000 	C:\WINDOWS\System32\gdi32full.dll
0x00007ffed62e0000 - 0x00007ffed6383000 	C:\WINDOWS\System32\msvcp_win.dll
0x00007ffed7160000 - 0x00007ffed7192000 	C:\WINDOWS\System32\IMM32.DLL
0x00007ffecc930000 - 0x00007ffecc93c000 	c:\Users\biend\.vscode\extensions\redhat.java-1.54.0-win32-x64\jre\21.0.10-win32-x86_64\bin\vcruntime140_1.dll
0x00007ffe55280000 - 0x00007ffe5530d000 	c:\Users\biend\.vscode\extensions\redhat.java-1.54.0-win32-x64\jre\21.0.10-win32-x86_64\bin\msvcp140.dll
0x00007ffe450f0000 - 0x00007ffe45e91000 	c:\Users\biend\.vscode\extensions\redhat.java-1.54.0-win32-x64\jre\21.0.10-win32-x86_64\bin\server\jvm.dll
0x00007ffed8380000 - 0x00007ffed8436000 	C:\WINDOWS\System32\ADVAPI32.dll
0x00007ffed7320000 - 0x00007ffed73c7000 	C:\WINDOWS\System32\sechost.dll
0x00007ffed8480000 - 0x00007ffed8598000 	C:\WINDOWS\System32\RPCRT4.dll
0x00007ffed6410000 - 0x00007ffed6490000 	C:\WINDOWS\System32\WS2_32.dll
0x00007ffed4d50000 - 0x00007ffed4dae000 	C:\WINDOWS\SYSTEM32\POWRPROF.dll
0x00007ffec2be0000 - 0x00007ffec2c16000 	C:\WINDOWS\SYSTEM32\WINMM.dll
0x00007ffec5270000 - 0x00007ffec527b000 	C:\WINDOWS\SYSTEM32\VERSION.dll
0x00007ffed4d30000 - 0x00007ffed4d44000 	C:\WINDOWS\SYSTEM32\UMPDC.dll
0x00007ffed3c20000 - 0x00007ffed3c3b000 	C:\WINDOWS\SYSTEM32\kernel.appcore.dll
0x00007ffecbc60000 - 0x00007ffecbc6a000 	c:\Users\biend\.vscode\extensions\redhat.java-1.54.0-win32-x64\jre\21.0.10-win32-x86_64\bin\jimage.dll
0x00007ffecfd70000 - 0x00007ffecffb2000 	C:\WINDOWS\SYSTEM32\DBGHELP.DLL
0x00007ffed73e0000 - 0x00007ffed7762000 	C:\WINDOWS\System32\combase.dll
0x00007ffed6830000 - 0x00007ffed6908000 	C:\WINDOWS\System32\OLEAUT32.dll
0x00007ffeaf590000 - 0x00007ffeaf5cb000 	C:\WINDOWS\SYSTEM32\dbgcore.DLL
0x00007ffed5d00000 - 0x00007ffed5da5000 	C:\WINDOWS\System32\bcryptPrimitives.dll
0x00007ffecb1a0000 - 0x00007ffecb1af000 	c:\Users\biend\.vscode\extensions\redhat.java-1.54.0-win32-x64\jre\21.0.10-win32-x86_64\bin\instrument.dll
0x00007ffebcef0000 - 0x00007ffebcf10000 	c:\Users\biend\.vscode\extensions\redhat.java-1.54.0-win32-x64\jre\21.0.10-win32-x86_64\bin\java.dll
0x00007ffed77d0000 - 0x00007ffed7f37000 	C:\WINDOWS\System32\SHELL32.dll
0x00007ffed4fc0000 - 0x00007ffed512a000 	C:\WINDOWS\System32\wintypes.dll
0x00007ffed5130000 - 0x00007ffed5998000 	C:\WINDOWS\System32\windows.storage.dll
0x00007ffed7f40000 - 0x00007ffed8038000 	C:\WINDOWS\System32\SHCORE.dll
0x00007ffed6640000 - 0x00007ffed66a6000 	C:\WINDOWS\System32\shlwapi.dll
0x00007ffed4df0000 - 0x00007ffed4e19000 	C:\WINDOWS\SYSTEM32\profapi.dll
0x00007ffe9c180000 - 0x00007ffe9c198000 	c:\Users\biend\.vscode\extensions\redhat.java-1.54.0-win32-x64\jre\21.0.10-win32-x86_64\bin\zip.dll
0x00007ffeca5b0000 - 0x00007ffeca5c0000 	C:\Users\biend\.vscode\extensions\redhat.java-1.54.0-win32-x64\jre\21.0.10-win32-x86_64\bin\net.dll
0x00007ffeca840000 - 0x00007ffeca96d000 	C:\WINDOWS\SYSTEM32\WINHTTP.dll
0x00007ffed4170000 - 0x00007ffed41dc000 	C:\WINDOWS\system32\mswsock.dll
0x00007ffe92a50000 - 0x00007ffe92a66000 	C:\Users\biend\.vscode\extensions\redhat.java-1.54.0-win32-x64\jre\21.0.10-win32-x86_64\bin\nio.dll
0x00007ffeca430000 - 0x00007ffeca440000 	c:\Users\biend\.vscode\extensions\redhat.java-1.54.0-win32-x64\jre\21.0.10-win32-x86_64\bin\verify.dll
0x00007ffe6e490000 - 0x00007ffe6e4d5000 	C:\Users\biend\AppData\Roaming\Code\User\globalStorage\redhat.java\1.54.0\config_win\org.eclipse.equinox.launcher\org.eclipse.equinox.launcher.win32.win32.x86_64_1.3.0.v20260203-2149\eclipse_11919.dll
0x00007ffed64a0000 - 0x00007ffed6637000 	C:\WINDOWS\System32\ole32.dll
0x00007ffed4570000 - 0x00007ffed458b000 	C:\WINDOWS\SYSTEM32\CRYPTSP.dll
0x00007ffed3b80000 - 0x00007ffed3bb9000 	C:\WINDOWS\system32\rsaenh.dll
0x00007ffed4220000 - 0x00007ffed4253000 	C:\WINDOWS\SYSTEM32\USERENV.dll
0x00007ffed4dc0000 - 0x00007ffed4dea000 	C:\WINDOWS\SYSTEM32\bcrypt.dll
0x00007ffed43d0000 - 0x00007ffed43dc000 	C:\WINDOWS\SYSTEM32\CRYPTBASE.dll
0x00007ffed3600000 - 0x00007ffed3632000 	C:\WINDOWS\SYSTEM32\IPHLPAPI.DLL
0x00007ffed73d0000 - 0x00007ffed73da000 	C:\WINDOWS\System32\NSI.dll
0x00007ffe6dec0000 - 0x00007ffe6df09000 	C:\Users\biend\AppData\Local\Temp\jna-93733684\jna667307423267170149.dll
0x00007ffed8470000 - 0x00007ffed8478000 	C:\WINDOWS\System32\PSAPI.DLL

JVMTI agents:
c:\Users\biend\.vscode\extensions\redhat.java-1.54.0-win32-x64\lombok\lombok-1.18.39-4050.jar path:c:\Users\biend\.vscode\extensions\redhat.java-1.54.0-win32-x64\jre\21.0.10-win32-x86_64\bin\instrument.dll, loaded, initialized, instrumentlib options:none

dbghelp: loaded successfully - version: 4.0.5 - missing functions: none
symbol engine: initialized successfully - sym options: 0x614 - pdb path: .;c:\Users\biend\.vscode\extensions\redhat.java-1.54.0-win32-x64\jre\21.0.10-win32-x86_64\bin;C:\WINDOWS\SYSTEM32;C:\WINDOWS\WinSxS\amd64_microsoft.windows.common-controls_6595b64144ccf1df_6.0.26100.8115_none_3e075c82e3354f9c;c:\Users\biend\.vscode\extensions\redhat.java-1.54.0-win32-x64\jre\21.0.10-win32-x86_64\bin\server;C:\Users\biend\AppData\Roaming\Code\User\globalStorage\redhat.java\1.54.0\config_win\org.eclipse.equinox.launcher\org.eclipse.equinox.launcher.win32.win32.x86_64_1.3.0.v20260203-2149;C:\Users\biend\AppData\Local\Temp\jna-93733684

VM Arguments:
jvm_args: --add-modules=ALL-SYSTEM --add-opens=java.base/java.util=ALL-UNNAMED --add-opens=java.base/java.lang=ALL-UNNAMED --add-opens=java.base/sun.nio.fs=ALL-UNNAMED -Declipse.application=org.eclipse.jdt.ls.core.id1 -Dosgi.bundles.defaultStartLevel=4 -Declipse.product=org.eclipse.jdt.ls.core.product -Djava.import.generatesMetadataFilesAtProjectRoot=false -DDetectVMInstallationsJob.disabled=true -Dfile.encoding=utf8 -XX:+UseParallelGC -XX:GCTimeRatio=4 -XX:AdaptiveSizePolicyWeight=90 -Dsun.zip.disableMemoryMapping=true -Xmx2G -Xms100m -Xlog:disable -javaagent:c:\Users\biend\.vscode\extensions\redhat.java-1.54.0-win32-x64\lombok\lombok-1.18.39-4050.jar -XX:+HeapDumpOnOutOfMemoryError -XX:HeapDumpPath=c:\Users\biend\AppData\Roaming\Code\User\workspaceStorage\fba05c3705401430334b8315f2268d03\redhat.java -Daether.dependencyCollector.impl=bf 
java_command: c:\Users\biend\.vscode\extensions\redhat.java-1.54.0-win32-x64\server\plugins\org.eclipse.equinox.launcher_1.7.100.v20251111-0406.jar -configuration c:\Users\biend\AppData\Roaming\Code\User\globalStorage\redhat.java\1.54.0\config_win -data c:\Users\biend\AppData\Roaming\Code\User\workspaceStorage\fba05c3705401430334b8315f2268d03\redhat.java\jdt_ws --pipe=\\.\pipe\lsp-fa8eb0d8fe3f03125d7b1d7b4b3fc624-sock
java_class_path (initial): c:\Users\biend\.vscode\extensions\redhat.java-1.54.0-win32-x64\server\plugins\org.eclipse.equinox.launcher_1.7.100.v20251111-0406.jar
Launcher Type: SUN_STANDARD

[Global flags]
    uintx AdaptiveSizePolicyWeight                 = 90                                        {product} {command line}
     intx CICompilerCount                          = 4                                         {product} {ergonomic}
    uintx GCTimeRatio                              = 4                                         {product} {command line}
     bool HeapDumpOnOutOfMemoryError               = true                                   {manageable} {command line}
    ccstr HeapDumpPath                             = c:\Users\biend\AppData\Roaming\Code\User\workspaceStorage\fba05c3705401430334b8315f2268d03\redhat.java         {manageable} {command line}
   size_t InitialHeapSize                          = 104857600                                 {product} {command line}
   size_t MaxHeapSize                              = 2147483648                                {product} {command line}
   size_t MaxNewSize                               = 715653120                                 {product} {ergonomic}
   size_t MinHeapDeltaBytes                        = 524288                                    {product} {ergonomic}
   size_t MinHeapSize                              = 104857600                                 {product} {command line}
   size_t NewSize                                  = 34603008                                  {product} {ergonomic}
    uintx NonNMethodCodeHeapSize                   = 5839372                                {pd product} {ergonomic}
    uintx NonProfiledCodeHeapSize                  = 122909434                              {pd product} {ergonomic}
   size_t OldSize                                  = 70254592                                  {product} {ergonomic}
    uintx ProfiledCodeHeapSize                     = 122909434                              {pd product} {ergonomic}
    uintx ReservedCodeCacheSize                    = 251658240                              {pd product} {ergonomic}
     bool SegmentedCodeCache                       = true                                      {product} {ergonomic}
   size_t SoftMaxHeapSize                          = 2147483648                             {manageable} {ergonomic}
     bool UseCompressedOops                        = true                           {product lp64_product} {ergonomic}
     bool UseLargePagesIndividualAllocation        = false                                  {pd product} {ergonomic}
     bool UseParallelGC                            = true                                      {product} {command line}

Logging:
Log output configuration:
 #0: stdout all=off uptime,level,tags foldmultilines=false
 #1: stderr all=off uptime,level,tags foldmultilines=false

Release file:
JAVA_VERSION="21.0.10" 
MODULES="java.base java.compiler java.datatransfer java.xml java.prefs java.desktop java.instrument java.logging java.management java.security.sasl java.naming java.rmi java.management.rmi java.net.http java.scripting java.security.jgss java.transaction.xa java.sql java.sql.rowset java.xml.crypto java.se java.smartcardio jdk.accessibility jdk.internal.jvmstat jdk.attach jdk.charsets jdk.internal.opt jdk.zipfs jdk.compiler jdk.crypto.ec jdk.crypto.cryptoki jdk.crypto.mscapi jdk.dynalink jdk.internal.ed jdk.editpad jdk.hotspot.agent jdk.httpserver jdk.internal.le jdk.internal.vm.ci jdk.internal.vm.compiler jdk.internal.vm.compiler.management jdk.jartool jdk.javadoc jdk.jcmd jdk.management jdk.management.agent jdk.jconsole jdk.jdeps jdk.jdwp.agent jdk.jdi jdk.jfr jdk.jshell jdk.jsobject jdk.jstatd jdk.localedata jdk.management.jfr jdk.naming.dns jdk.naming.rmi jdk.net jdk.nio.mapmode jdk.random jdk.sctp jdk.security.auth jdk.security.jgss jdk.unsupported jdk.unsupported.desktop jdk.xml.dom" 

Environment Variables:
PATH=D:\Download_App\Download_Vscode\Microsoft VS Code;C:\Program Files\Common Files\Oracle\Java\javapath;C:\WINDOWS\system32;C:\WINDOWS;C:\WINDOWS\System32\Wbem;C:\WINDOWS\System32\WindowsPowerShell\v1.0\;C:\WINDOWS\System32\OpenSSH\;D:\Download_App\Download_NodeJS\;D:\Download_App\Download_Git\Git\cmd;C:\apache-maven-3.9.11-bin\apache-maven-3.9.11\bin;C:\Program Files\Docker\Docker\resources\bin;C:\Program Files\Cloudflare\Cloudflare WARP\;C:\Users\biend\AppData\Local\Microsoft\WindowsApps;D:\Download_App\Download_Intellij\IntelliJ IDEA 2025.2.4\bin;D:\Download_App\Download_Vscode\Microsoft VS Code\bin;C:\Users\biend\AppData\Roaming\npm;C:\Users\biend\AppData\Local\GitHubDesktop\bin;D:\Download_App\Download_Kiro\Kiro\bin;D:\Download_App\Download_Antigravity\Antigravity\bin;D:\Download_App\Download_Cursor\cursor\resources\app\bin
USERNAME=biend
OS=Windows_NT
PROCESSOR_IDENTIFIER=Intel64 Family 6 Model 142 Stepping 10, GenuineIntel
TMP=C:\Users\biend\AppData\Local\Temp
TEMP=C:\Users\biend\AppData\Local\Temp




Periodic native trim disabled

---------------  S Y S T E M  ---------------

OS:
 Windows 11 , 64 bit Build 26100 (10.0.26100.8246)
OS uptime: 0 days 19:19 hours
Hyper-V role detected

CPU: total 8 (initial active 8) (4 cores per cpu, 2 threads per core) family 6 model 142 stepping 10 microcode 0xf6, cx8, cmov, fxsr, ht, mmx, 3dnowpref, sse, sse2, sse3, ssse3, sse4.1, sse4.2, popcnt, lzcnt, tsc, tscinvbit, avx, avx2, aes, erms, clmul, bmi1, bmi2, rtm, adx, fma, vzeroupper, clflush, clflushopt, hv, rdtscp, f16c
Processor Information for the first 8 processors :
  Max Mhz: 1896, Current Mhz: 1696, Mhz Limit: 1687

Memory: 4k page, system-wide physical 8050M (492M free)
TotalPageFile size 20775M (AvailPageFile size 10M)
current process WorkingSet (physical memory assigned to process): 157M, peak: 160M
current process commit charge ("private bytes"): 296M, peak: 301M

vm_info: OpenJDK 64-Bit Server VM (21.0.10+7-LTS) for windows-amd64 JRE (21.0.10+7-LTS), built on 2026-01-20T00:00:00Z by "admin" with MS VC++ 17.12 (VS2022)

END.
